<?xml version="1.0" encoding="UTF-8"?>
<!-- Generated by org.testng.reporters.JUnitXMLReporter -->
<testsuite ignored="1" hostname="DESKTOP-T5H1U8G" failures="0" tests="2" name="DisableTC" time="0.045" errors="0" timestamp="2022-09-03T13:34:35 IST">
  <testcase classname="TestSuit.Ex4_DisableTC" name="TC100" time="0.007"/>
  <testcase classname="TestSuit.Ex4_DisableTC" name="TC102" time="0.001"/>
  <testcase classname="TestSuit.Ex4_DisableTC" name="TC101" time="0.0">
    <ignored/>
  </testcase> <!-- TC101 -->
</testsuite> <!-- DisableTC -->
