<?xml version="1.0" encoding="UTF-8"?>
<!-- Generated by org.testng.reporters.JUnitXMLReporter -->
<testsuite ignored="0" hostname="DESKTOP-T5H1U8G" failures="0" tests="9" name="Test" time="0.086" errors="0" timestamp="2022-09-03T13:13:29 IST">
  <testcase classname="TestSuit.Ex3_TestSuit" name="TC7" time="0.01"/>
  <testcase classname="TestSuit.Ex3_TestSuit" name="TC8" time="0.001"/>
  <testcase classname="TestSuit.Ex3_TestSuit" name="TC9" time="0.001"/>
  <testcase classname="TestSuit.Ex2_TestSuit" name="TC4" time="0.001"/>
  <testcase classname="TestSuit.Ex2_TestSuit" name="TC5" time="0.001"/>
  <testcase classname="TestSuit.Ex2_TestSuit" name="TC6" time="0.002"/>
  <testcase classname="TestSuit.Ex1_TestSuit" name="TC1" time="0.001"/>
  <testcase classname="TestSuit.Ex1_TestSuit" name="TC2" time="0.001"/>
  <testcase classname="TestSuit.Ex1_TestSuit" name="TC3" time="0.001"/>
</testsuite> <!-- Test -->
