<?xml version="1.0" encoding="UTF-8"?>
<!-- Generated by org.testng.reporters.JUnitXMLReporter -->
<testsuite ignored="2" hostname="DESKTOP-T5H1U8G" failures="0" tests="1" name="ExcludeTC" time="0.056" errors="0" timestamp="2022-09-03T14:31:05 IST">
  <testcase classname="TestSuit.Ex4_DisableTC" name="TC101" time="0.009"/>
  <testcase classname="TestSuit.Ex4_DisableTC" name="TC100" time="0.0">
    <ignored/>
  </testcase> <!-- TC100 -->
  <testcase classname="TestSuit.Ex4_DisableTC" name="TC102" time="0.0">
    <ignored/>
  </testcase> <!-- TC102 -->
</testsuite> <!-- ExcludeTC -->
