<?xml version="1.0" encoding="UTF-8"?>
<!-- Generated by org.testng.reporters.JUnitXMLReporter -->
<testsuite ignored="4" hostname="DESKTOP-T5H1U8G" failures="0" tests="2" name="Test" time="0.06" errors="0" timestamp="2022-09-03T20:24:15 IST">
  <testcase classname="testNg.Ex9_GroupingTestCases" name="TC4" time="0.01"/>
  <testcase classname="testNg.Ex9_GroupingTestCases" name="TC6" time="0.001"/>
  <testcase classname="testNg.Ex9_GroupingTestCases" name="TC1" time="0.0">
    <ignored/>
  </testcase> <!-- TC1 -->
  <testcase classname="testNg.Ex9_GroupingTestCases" name="TC3" time="0.0">
    <ignored/>
  </testcase> <!-- TC3 -->
  <testcase classname="testNg.Ex9_GroupingTestCases" name="TC5" time="0.0">
    <ignored/>
  </testcase> <!-- TC5 -->
  <testcase classname="testNg.Ex9_GroupingTestCases" name="TC2" time="0.0">
    <ignored/>
  </testcase> <!-- TC2 -->
</testsuite> <!-- Test -->
