<?xml version="1.0" encoding="UTF-8"?>
<!-- Generated by org.testng.reporters.JUnitXMLReporter -->
<testsuite ignored="4" hostname="DESKTOP-T5H1U8G" failures="0" tests="2" name="Test" time="0.053" errors="0" timestamp="2022-09-04T18:19:55 IST">
  <testcase classname="testNg.Ex10_GroupingTC" name="TC202" time="0.007"/>
  <testcase classname="testNg.Ex10_GroupingTC" name="TC204" time="0.002"/>
  <testcase classname="testNg.Ex10_GroupingTC" name="TC203" time="0.0">
    <ignored/>
  </testcase> <!-- TC203 -->
  <testcase classname="testNg.Ex10_GroupingTC" name="TC206" time="0.0">
    <ignored/>
  </testcase> <!-- TC206 -->
  <testcase classname="testNg.Ex10_GroupingTC" name="TC201" time="0.0">
    <ignored/>
  </testcase> <!-- TC201 -->
  <testcase classname="testNg.Ex10_GroupingTC" name="TC205" time="0.0">
    <ignored/>
  </testcase> <!-- TC205 -->
</testsuite> <!-- Test -->
