<?xml version="1.0" encoding="UTF-8"?>
<!-- Generated by org.testng.reporters.JUnitXMLReporter -->
<testsuite ignored="2" hostname="DESKTOP-T5H1U8G" failures="0" tests="4" name="Test" time="0.065" errors="0" timestamp="2022-09-04T17:15:04 IST">
  <testcase classname="testNg.Ex10_GroupingTC" name="TC201" time="0.009"/>
  <testcase classname="testNg.Ex10_GroupingTC" name="TC203" time="0.002"/>
  <testcase classname="testNg.Ex10_GroupingTC" name="TC205" time="0.001"/>
  <testcase classname="testNg.Ex10_GroupingTC" name="TC206" time="0.002"/>
  <testcase classname="testNg.Ex10_GroupingTC" name="TC202" time="0.0">
    <ignored/>
  </testcase> <!-- TC202 -->
  <testcase classname="testNg.Ex10_GroupingTC" name="TC204" time="0.0">
    <ignored/>
  </testcase> <!-- TC204 -->
</testsuite> <!-- Test -->
