<?xml version="1.0" encoding="UTF-8"?>
<testng-results ignored="0" total="1" passed="1" failed="0" skipped="0">
  <reporter-output>
  </reporter-output>
  <suite started-at="2022-09-11T13:40:03 IST" name="Default suite" finished-at="2022-09-11T13:40:08 IST" duration-ms="4808">
    <groups>
    </groups>
    <test started-at="2022-09-11T13:40:03 IST" name="Default test" finished-at="2022-09-11T13:40:08 IST" duration-ms="4808">
      <class name="Module1_Login_Test.LoginTest">
        <test-method is-config="true" signature="openBrowser()[pri:0, instance:Module1_Login_Test.LoginTest@1da2cb77]" started-at="2022-09-11T13:40:04 IST" name="openBrowser" finished-at="2022-09-11T13:40:07 IST" duration-ms="3801" status="PASS">
          <reporter-output>
          </reporter-output>
        </test-method> <!-- openBrowser -->
        <test-method signature="methodcall()[pri:0, instance:Module1_Login_Test.LoginTest@1da2cb77]" started-at="2022-09-11T13:40:07 IST" name="methodcall" finished-at="2022-09-11T13:40:08 IST" duration-ms="963" status="PASS">
          <reporter-output>
          </reporter-output>
        </test-method> <!-- methodcall -->
        <test-method is-config="true" signature="verifylogin(org.testng.ITestResult)[pri:0, instance:Module1_Login_Test.LoginTest@1da2cb77]" started-at="2022-09-11T13:40:08 IST" name="verifylogin" finished-at="2022-09-11T13:40:08 IST" duration-ms="2" status="PASS">
          <params>
            <param index="0">
              <value>
                <![CDATA[[TestResult name=methodcall status=SUCCESS method=LoginTest.methodcall()[pri:0, instance:Module1_Login_Test.LoginTest@1da2cb77] output={null}]]]>
              </value>
            </param>
          </params>
          <reporter-output>
          </reporter-output>
        </test-method> <!-- verifylogin -->
      </class> <!-- Module1_Login_Test.LoginTest -->
    </test> <!-- Default test -->
  </suite> <!-- Default suite -->
</testng-results>
